<?xml version="1.0" encoding="UTF-8"?>
<!-- Generated by org.testng.reporters.JUnitXMLReporter -->
<testsuite ignored="2" hostname="Tirumalasetty" failures="0" tests="3" name="Default test" time="11.374" errors="0" timestamp="2026-03-06T12:03:31 EST">
  <testcase classname="com.ui.testpackage.LoginTest" name="loginExcelDataProvider" time="0.25"/>
  <testcase classname="com.ui.testpackage.LoginTest" name="loginExcelDataProvider" time="0.376"/>
  <testcase classname="com.ui.testpackage.LoginTest" name="loginExcelDataProvider" time="5.285"/>
  <testcase classname="com.ui.testpackage.LoginTest" name="loginJsonTest" time="0.0">
    <ignored/>
  </testcase> <!-- loginJsonTest -->
  <testcase classname="com.ui.testpackage.LoginTest" name="loginCSVTest" time="0.0">
    <ignored/>
  </testcase> <!-- loginCSVTest -->
</testsuite> <!-- Default test -->
