<?xml version="1.0" encoding="UTF-8"?>
<!-- Generated by org.testng.reporters.JUnitXMLReporter -->
<testsuite ignored="2" hostname="Tirumalasetty" failures="0" tests="4" name="Default test" time="17.672" errors="0" timestamp="2026-03-30T13:17:40 EDT">
  <testcase classname="com.ui.testpackage.LoginTest" name="loginExcelDataProvider" time="0.432"/>
  <testcase classname="com.ui.testpackage.LoginTest" name="loginExcelDataProvider" time="0.441"/>
  <testcase classname="com.ui.testpackage.LoginTest" name="loginExcelDataProvider" time="5.531"/>
  <testcase classname="com.ui.testpackage.LoginTest" name="loginExcelDataProvider" time="0.397"/>
  <testcase classname="com.ui.testpackage.LoginTest" name="loginJsonTest" time="0.0">
    <ignored/>
  </testcase> <!-- loginJsonTest -->
  <testcase classname="com.ui.testpackage.LoginTest" name="loginCSVTest" time="0.0">
    <ignored/>
  </testcase> <!-- loginCSVTest -->
</testsuite> <!-- Default test -->
