<?xml version="1.0" encoding="UTF-8"?>
<testng-results ignored="0" total="4" passed="4" failed="0" skipped="0">
  <reporter-output>
  </reporter-output>
  <suite started-at="2026-03-30T13:17:22 EDT" name="Default suite" finished-at="2026-03-30T13:17:40 EDT" duration-ms="17672">
    <groups>
      <group name="sanity">
        <method signature="LoginTest.loginExcelDataProvider(com.ui.pojo.User)[pri:0, instance:com.ui.testpackage.LoginTest@75459c75]" name="loginExcelDataProvider" class="com.ui.testpackage.LoginTest"/>
      </group> <!-- sanity -->
      <group name="e2e">
        <method signature="LoginTest.loginExcelDataProvider(com.ui.pojo.User)[pri:0, instance:com.ui.testpackage.LoginTest@75459c75]" name="loginExcelDataProvider" class="com.ui.testpackage.LoginTest"/>
      </group> <!-- e2e -->
    </groups>
    <test started-at="2026-03-30T13:17:22 EDT" name="Default test" finished-at="2026-03-30T13:17:40 EDT" duration-ms="17672">
      <class name="com.ui.testpackage.LoginTest">
        <test-method is-config="true" signature="setup()[pri:0, instance:com.ui.testpackage.LoginTest@75459c75]" started-at="2026-03-30T13:17:23 EDT" name="setup" description=" Load the Homepage of the website" finished-at="2026-03-30T13:17:27 EDT" duration-ms="3384" status="PASS">
          <reporter-output>
          </reporter-output>
        </test-method> <!-- setup -->
        <test-method signature="loginExcelDataProvider(com.ui.pojo.User)[pri:0, instance:com.ui.testpackage.LoginTest@75459c75]" started-at="2026-03-30T13:17:27 EDT" name="loginExcelDataProvider" description="Verifies with Valid user, is able to login into the application " data-provider="LoginTestExcelDataProvider" finished-at="2026-03-30T13:17:27 EDT" duration-ms="432" status="PASS">
          <params>
            <param index="0">
              <value>
                <![CDATA[User [userName=standard_user, password=secret_sauce]]]>
              </value>
            </param>
          </params>
          <reporter-output>
          </reporter-output>
        </test-method> <!-- loginExcelDataProvider -->
        <test-method is-config="true" signature="setup()[pri:0, instance:com.ui.testpackage.LoginTest@75459c75]" started-at="2026-03-30T13:17:27 EDT" name="setup" description=" Load the Homepage of the website" finished-at="2026-03-30T13:17:29 EDT" duration-ms="2263" status="PASS">
          <reporter-output>
          </reporter-output>
        </test-method> <!-- setup -->
        <test-method signature="loginExcelDataProvider(com.ui.pojo.User)[pri:0, instance:com.ui.testpackage.LoginTest@75459c75]" started-at="2026-03-30T13:17:29 EDT" name="loginExcelDataProvider" description="Verifies with Valid user, is able to login into the application " data-provider="LoginTestExcelDataProvider" finished-at="2026-03-30T13:17:30 EDT" duration-ms="441" status="PASS">
          <params>
            <param index="0">
              <value>
                <![CDATA[User [userName=visual_user, password=secret_sauce]]]>
              </value>
            </param>
          </params>
          <reporter-output>
          </reporter-output>
        </test-method> <!-- loginExcelDataProvider -->
        <test-method is-config="true" signature="setup()[pri:0, instance:com.ui.testpackage.LoginTest@75459c75]" started-at="2026-03-30T13:17:30 EDT" name="setup" description=" Load the Homepage of the website" finished-at="2026-03-30T13:17:32 EDT" duration-ms="1925" status="PASS">
          <reporter-output>
          </reporter-output>
        </test-method> <!-- setup -->
        <test-method signature="loginExcelDataProvider(com.ui.pojo.User)[pri:0, instance:com.ui.testpackage.LoginTest@75459c75]" started-at="2026-03-30T13:17:32 EDT" name="loginExcelDataProvider" description="Verifies with Valid user, is able to login into the application " data-provider="LoginTestExcelDataProvider" finished-at="2026-03-30T13:17:37 EDT" duration-ms="5531" status="PASS">
          <params>
            <param index="0">
              <value>
                <![CDATA[User [userName=performance_glitch_user, password=secret_sauce]]]>
              </value>
            </param>
          </params>
          <reporter-output>
          </reporter-output>
        </test-method> <!-- loginExcelDataProvider -->
        <test-method is-config="true" signature="setup()[pri:0, instance:com.ui.testpackage.LoginTest@75459c75]" started-at="2026-03-30T13:17:37 EDT" name="setup" description=" Load the Homepage of the website" finished-at="2026-03-30T13:17:40 EDT" duration-ms="2261" status="PASS">
          <reporter-output>
          </reporter-output>
        </test-method> <!-- setup -->
        <test-method signature="loginExcelDataProvider(com.ui.pojo.User)[pri:0, instance:com.ui.testpackage.LoginTest@75459c75]" started-at="2026-03-30T13:17:40 EDT" name="loginExcelDataProvider" description="Verifies with Valid user, is able to login into the application " data-provider="LoginTestExcelDataProvider" finished-at="2026-03-30T13:17:40 EDT" duration-ms="397" status="PASS">
          <params>
            <param index="0">
              <value>
                <![CDATA[User [userName=standard_user1, password=secret_sauce]]]>
              </value>
            </param>
          </params>
          <reporter-output>
          </reporter-output>
        </test-method> <!-- loginExcelDataProvider -->
      </class> <!-- com.ui.testpackage.LoginTest -->
    </test> <!-- Default test -->
  </suite> <!-- Default suite -->
</testng-results>
