<?xml version="1.0" encoding="UTF-8"?>
<testng-results ignored="0" total="3" passed="3" failed="0" skipped="0">
  <reporter-output>
  </reporter-output>
  <suite started-at="2026-03-05T15:13:40 EST" name="Default suite" finished-at="2026-03-05T15:13:49 EST" duration-ms="8859">
    <groups>
      <group name="sanity">
        <method signature="LoginTest.loginTest(com.ui.pojo.User)[pri:0, instance:com.ui.testpackage.LoginTest@712625fd]" name="loginTest" class="com.ui.testpackage.LoginTest"/>
        <method signature="LoginTestold.loginTest()[pri:0, instance:com.ui.testpackage.LoginTestold@f0c8a99]" name="loginTest" class="com.ui.testpackage.LoginTestold"/>
      </group> <!-- sanity -->
      <group name="e2e">
        <method signature="LoginTest.loginTest(com.ui.pojo.User)[pri:0, instance:com.ui.testpackage.LoginTest@712625fd]" name="loginTest" class="com.ui.testpackage.LoginTest"/>
        <method signature="LoginTestold.loginTest()[pri:0, instance:com.ui.testpackage.LoginTestold@f0c8a99]" name="loginTest" class="com.ui.testpackage.LoginTestold"/>
      </group> <!-- e2e -->
    </groups>
    <test started-at="2026-03-05T15:13:40 EST" name="Default test" finished-at="2026-03-05T15:13:49 EST" duration-ms="8859">
      <class name="com.ui.testpackage.LoginTestold">
        <test-method is-config="true" signature="setup()[pri:0, instance:com.ui.testpackage.LoginTestold@f0c8a99]" started-at="2026-03-05T15:13:40 EST" name="setup" description=" Load the Homepage of the website" finished-at="2026-03-05T15:13:44 EST" duration-ms="3911" status="PASS">
          <reporter-output>
          </reporter-output>
        </test-method> <!-- setup -->
        <test-method signature="loginTest()[pri:0, instance:com.ui.testpackage.LoginTestold@f0c8a99]" started-at="2026-03-05T15:13:44 EST" name="loginTest" description="Verifies with Valid user, is able to login into the application " finished-at="2026-03-05T15:13:45 EST" duration-ms="470" status="PASS">
          <reporter-output>
          </reporter-output>
        </test-method> <!-- loginTest -->
      </class> <!-- com.ui.testpackage.LoginTestold -->
      <class name="com.ui.testpackage.LoginTest">
        <test-method is-config="true" signature="setup()[pri:0, instance:com.ui.testpackage.LoginTest@712625fd]" started-at="2026-03-05T15:13:45 EST" name="setup" description=" Load the Homepage of the website" finished-at="2026-03-05T15:13:47 EST" duration-ms="1847" status="PASS">
          <reporter-output>
          </reporter-output>
        </test-method> <!-- setup -->
        <test-method signature="loginTest(com.ui.pojo.User)[pri:0, instance:com.ui.testpackage.LoginTest@712625fd]" started-at="2026-03-05T15:13:47 EST" name="loginTest" description="Verifies with Valid user, is able to login into the application " data-provider="LoginTestDataProvider" finished-at="2026-03-05T15:13:47 EST" duration-ms="348" status="PASS">
          <params>
            <param index="0">
              <value>
                <![CDATA[User [userName=standard_user, password=secret_sauce]]]>
              </value>
            </param>
          </params>
          <reporter-output>
          </reporter-output>
        </test-method> <!-- loginTest -->
        <test-method is-config="true" signature="setup()[pri:0, instance:com.ui.testpackage.LoginTest@712625fd]" started-at="2026-03-05T15:13:47 EST" name="setup" description=" Load the Homepage of the website" finished-at="2026-03-05T15:13:49 EST" duration-ms="1898" status="PASS">
          <reporter-output>
          </reporter-output>
        </test-method> <!-- setup -->
        <test-method signature="loginTest(com.ui.pojo.User)[pri:0, instance:com.ui.testpackage.LoginTest@712625fd]" started-at="2026-03-05T15:13:49 EST" name="loginTest" description="Verifies with Valid user, is able to login into the application " data-provider="LoginTestDataProvider" finished-at="2026-03-05T15:13:49 EST" duration-ms="290" status="PASS">
          <params>
            <param index="0">
              <value>
                <![CDATA[User [userName=visual_user, password=secret_sauce]]]>
              </value>
            </param>
          </params>
          <reporter-output>
          </reporter-output>
        </test-method> <!-- loginTest -->
      </class> <!-- com.ui.testpackage.LoginTest -->
    </test> <!-- Default test -->
  </suite> <!-- Default suite -->
</testng-results>
