<?xml version="1.0" encoding="UTF-8"?>
<!-- Generated by org.testng.reporters.JUnitReportReporter -->
<testsuite hostname="Tirumalasetty" failures="0" tests="3" name="com.ui.testpackage.LoginTest" time="11.976" errors="0" timestamp="2026-03-05T15:39:41 EST" skipped="0">
  <testcase classname="com.ui.testpackage.LoginTest" name="loginTest" time="6.957"/>
  <testcase classname="com.ui.testpackage.LoginTest" name="loginTest" time="1.970"/>
  <testcase classname="com.ui.testpackage.LoginTest" name="loginTest" time="3.049"/>
</testsuite> <!-- com.ui.testpackage.LoginTest -->
