<?xml version="1.0" encoding="UTF-8"?>
<!-- Generated by org.testng.reporters.JUnitReportReporter -->
<testsuite hostname="Tirumalasetty" failures="0" tests="3" name="com.ui.testpackage.LoginTest" time="10.846" errors="0" timestamp="2026-03-06T12:03:31 EST" skipped="0">
  <testcase classname="com.ui.testpackage.LoginTest" name="loginExcelDataProvider" time="7.277"/>
  <testcase classname="com.ui.testpackage.LoginTest" name="loginExcelDataProvider" time="1.823"/>
  <testcase classname="com.ui.testpackage.LoginTest" name="loginExcelDataProvider" time="1.746"/>
</testsuite> <!-- com.ui.testpackage.LoginTest -->
